<?xml version='1.0' encoding='UTF-8'?>
<testsuite name="Cucumber" time="60.518" tests="3" skipped="0" failures="0" errors="0">
<testcase classname="Hotel Search and Validation" name="Search for available hotels and validate results - Example #1.1" time="20.58">
<system-out><![CDATA[
Given User is on Adactin home page..........................................passed
When user enters "tokelosamson106" and "teek@ySamson106" to login...........passed
And User clicks Login Button................................................passed
Then User is redirected to the hotel Search Page............................passed
Given User is on the Adactin Hotel Search page..............................passed
When User selects Location and Hotels.......................................passed
And User selects Room Type and Number Of Rooms..............................passed
And User enters "2024-05-01" and "2024-05-10"...............................passed
And User selects Adults per room and Children per room......................passed
Then User clicks Submit button..............................................passed
Given user is on select hotel page..........................................passed
When user selects available hotel...........................................passed
Then user clicks continue button............................................passed
Given user is on book hotel page............................................passed
When user enters "Tokelo" and "Motsoeneng"..................................passed
And users enters "123 Main Street, NY"......................................passed
And user enters "1234123412341234"..........................................passed
And user selects Credit card type...........................................passed
And user select Month and Select Year.......................................passed
And user enters "324" number................................................passed
Then User clicks Book Now...................................................passed
Given User is on Booking confirmation page..................................passed
And user clicks Logout......................................................passed
Then user successfully logs out.............................................passed
]]></system-out>
</testcase>
<testcase classname="Hotel Search and Validation" name="Search for available hotels and validate results - Example #1.2" time="18.636">
<system-out><![CDATA[
Given User is on Adactin home page..........................................passed
When user enters "tokelosamson99" and "tok@ySamson105" to login.............passed
And User clicks Login Button................................................passed
Then User is redirected to the hotel Search Page............................passed
Given User is on the Adactin Hotel Search page..............................passed
When User selects Location and Hotels.......................................passed
And User selects Room Type and Number Of Rooms..............................passed
And User enters "2024-05-01" and "2024-05-10"...............................passed
And User selects Adults per room and Children per room......................passed
Then User clicks Submit button..............................................passed
Given user is on select hotel page..........................................passed
When user selects available hotel...........................................passed
Then user clicks continue button............................................passed
Given user is on book hotel page............................................passed
When user enters "Jojo" and "Bean"..........................................passed
And users enters "127 Main Street, NY"......................................passed
And user enters "1234123412341235"..........................................passed
And user selects Credit card type...........................................passed
And user select Month and Select Year.......................................passed
And user enters "321" number................................................passed
Then User clicks Book Now...................................................passed
Given User is on Booking confirmation page..................................passed
And user clicks Logout......................................................passed
Then user successfully logs out.............................................passed
]]></system-out>
</testcase>
<testcase classname="Hotel Search and Validation" name="Search for available hotels and validate results - Example #1.3" time="21.022">
<system-out><![CDATA[
Given User is on Adactin home page..........................................passed
When user enters "tokelosamson06" and "teek@ySamson103" to login............passed
And User clicks Login Button................................................passed
Then User is redirected to the hotel Search Page............................passed
Given User is on the Adactin Hotel Search page..............................passed
When User selects Location and Hotels.......................................passed
And User selects Room Type and Number Of Rooms..............................passed
And User enters "2024-05-01" and "2024-05-10"...............................passed
And User selects Adults per room and Children per room......................passed
Then User clicks Submit button..............................................passed
Given user is on select hotel page..........................................passed
When user selects available hotel...........................................passed
Then user clicks continue button............................................passed
Given user is on book hotel page............................................passed
When user enters "Mary" and "Jane"..........................................passed
And users enters "129 Main Street, NY"......................................passed
And user enters "1234123412341236"..........................................passed
And user selects Credit card type...........................................passed
And user select Month and Select Year.......................................passed
And user enters "329" number................................................passed
Then User clicks Book Now...................................................passed
Given User is on Booking confirmation page..................................passed
And user clicks Logout......................................................passed
Then user successfully logs out.............................................passed
]]></system-out>
</testcase>
</testsuite>
